#
# A fatal error has been detected by the Java Runtime Environment:
#
#  SIGSEGV (0xb) at pc=0x00007ffdc525a379, pid=7918, tid=140727617025792
#
# JRE version: Java(TM) SE Runtime Environment (7.0_67-b01) (build 1.7.0_67-b01)
# Java VM: Java HotSpot(TM) 64-Bit Server VM (24.65-b04 mixed mode linux-amd64 compressed oops)
# Problematic frame:
# V  [libjvm.so+0x603379]  java_lang_String::utf8_length(oopDesc*)+0xd9
#
# Failed to write core dump. Core dumps have been disabled. To enable core dumping, try "ulimit -c unlimited" before starting Java again
#
# If you would like to submit a bug report, please visit:
#   http://bugreport.sun.com/bugreport/crash.jsp
#

---------------  T H R E A D  ---------------

Current thread (0x00007ffdc00a5800):  JavaThread "JDWP Transport Listener: dt_socket" daemon [_thread_in_vm, id=7934, stack(0x00007ffdb38f7000,0x00007ffdb39f8000)]

siginfo:si_signo=SIGSEGV: si_errno=0, si_code=1 (SEGV_MAPERR), si_addr=0x000000000000000c

Registers:
RAX=0x000000000000000c, RBX=0x00007ffd7c0015f8, RCX=0x0000000000000000, RDX=0x0000000000000000
RSP=0x00007ffdb39f6790, RBP=0x00007ffdb39f67a0, RSI=0x000000000000000c, RDI=0x00000000ebef59d8
R8 =0x0000000000000000, R9 =0x0000000000000001, R10=0x0000000000000000, R11=0x00007ffdc52a4550
R12=0x0000000000000000, R13=0x00007ffdc00a5800, R14=0x00007ffdb39f6890, R15=0x0000000000000000
RIP=0x00007ffdc525a379, EFLAGS=0x0000000000010246, CSGSFS=0x0000000000000033, ERR=0x0000000000000004
  TRAPNO=0x000000000000000e

Top of Stack: (sp=0x00007ffdb39f6790)
0x00007ffdb39f6790:   00007ffd7c0015f8 00000000ebef59d8
0x00007ffdb39f67a0:   00007ffdb39f6810 00007ffdc52ac73b
0x00007ffdb39f67b0:   00007ffdc00a5800 0000000000000000
0x00007ffdb39f67c0:   00007ffdb39f6810 00007ffdc40fbf92
0x00007ffdb39f67d0:   00007ffdc00a5800 000000000000000a
0x00007ffdb39f67e0:   00007ffdb39f6810 00007ffdb39f6a20
0x00007ffdb39f67f0:   00007ffdc00a59e8 00007ffd7c0015f8
0x00007ffdb39f6800:   00007ffdb39f6890 00007ffdc430f120
0x00007ffdb39f6810:   00007ffdb39f6850 00007ffdc40de3b2
0x00007ffdb39f6820:   0000000000000375 000000000000000a
0x00007ffdb39f6830:   0000000000000001 000000000000000a
0x00007ffdb39f6840:   0000000000010a00 0000000000000001
0x00007ffdb39f6850:   00007ffdb39f6aa0 00007ffdc40e6976
0x00007ffdb39f6860:   0000037500000013 00007ffdc5010a00
0x00007ffdb39f6870:   00007ffd88000b70 00007ffdc00a5800
0x00007ffdb39f6880:   00007ffdb39f6890 00007ffdb39f6a20
0x00007ffdb39f6890:   00007ffdb39f68e0 00007ffd0000012c
0x00007ffdb39f68a0:   00007ffdb39f68a8 0000000000000000
0x00007ffdb39f68b0:   00007ffdb39f68e0 0000000000000000
0x00007ffdb39f68c0:   0000000000000000 0000037500000018
0x00007ffdb39f68d0:   00007ffd00006980 00007ffdb39f68e0
0x00007ffdb39f68e0:   0000005b01000000 4200002000000000
0x00007ffdb39f68f0:   000000000a000000 c000000000000000
0x00007ffdb39f6900:   0400000000000000 00000000020c0000
0x00007ffdb39f6910:   c100000009000000 0d00000000000000
0x00007ffdb39f6920:   00000000c2000000 c400000016000000
0x00007ffdb39f6930:   1a00000000000000 00000000c5000000
0x00007ffdb39f6940:   c800000023000000 2b00000000000000
0x00007ffdb39f6950:   00000000c9000000 cb00000036000000
0x00007ffdb39f6960:   4200000000000000 0000003ecc000000
0x00007ffdb39f6970:   56294949435b2807 0100000000000000
0x00007ffdb39f6980:   18560090fd7f0000 696e693c06000000 

Instructions: (pc=0x00007ffdc525a379)
0x00007ffdc525a359:   08 48 d3 e2 48 03 10 b8 0c 00 00 00 eb 12 66 0f
0x00007ffdc525a369:   1f 84 00 00 00 00 00 48 8b 14 37 b8 10 00 00 00
0x00007ffdc525a379:   8b 1c 02 e9 6b ff ff ff 90 66 66 66 66 66 2e 0f
0x00007ffdc525a389:   1f 84 00 00 00 00 00 55 48 8b 05 b0 36 80 00 48 

Register to memory mapping:

RAX=0x000000000000000c is an unknown value
RBX=0x00007ffd7c0015f8 is a global jni handle
RCX=0x0000000000000000 is an unknown value
RDX=0x0000000000000000 is an unknown value
RSP=0x00007ffdb39f6790 is pointing into the stack for thread: 0x00007ffdc00a5800
RBP=0x00007ffdb39f67a0 is pointing into the stack for thread: 0x00007ffdc00a5800
RSI=0x000000000000000c is an unknown value
RDI=0x00000000ebef59d8 is an oop
java.lang.String 
 - klass: 'java/lang/String'
R8 =0x0000000000000000 is an unknown value
R9 =0x0000000000000001 is an unknown value
R10=0x0000000000000000 is an unknown value
R11=0x00007ffdc52a4550: <offset 0x64d550> in /usr/lib/jvm/java-7-oracle/jre/lib/amd64/server/libjvm.so at 0x00007ffdc4c57000
R12=0x0000000000000000 is an unknown value
R13=0x00007ffdc00a5800 is a thread
R14=0x00007ffdb39f6890 is pointing into the stack for thread: 0x00007ffdc00a5800
R15=0x0000000000000000 is an unknown value


Stack: [0x00007ffdb38f7000,0x00007ffdb39f8000],  sp=0x00007ffdb39f6790,  free space=1021k
Native frames: (J=compiled Java code, j=interpreted, Vv=VM code, C=native code)
V  [libjvm.so+0x603379]  java_lang_String::utf8_length(oopDesc*)+0xd9
V  [libjvm.so+0x65573b]  jni_GetStringUTFChars+0xab
C  [libjdwp.so+0x93b2]  value+0x92
C  [libjdwp.so+0x11976]  debugLoop_run+0x2b6
C  [libjdwp.so+0x243af]  attachThread+0x2f
V  [libjvm.so+0x6fc827]  JvmtiAgentThread::call_start_function()+0x97
V  [libjvm.so+0x958d9f]  JavaThread::thread_main_inner()+0xdf
V  [libjvm.so+0x958ea5]  JavaThread::run()+0xf5
V  [libjvm.so+0x81f988]  java_start(Thread*)+0x108


---------------  P R O C E S S  ---------------

Java Threads: ( => current thread )
  0x00007ffdc00b0800 JavaThread "Service Thread" daemon [_thread_blocked, id=7944, stack(0x00007ffdb33f2000,0x00007ffdb34f3000)]
  0x00007ffdc00ae800 JavaThread "C2 CompilerThread1" daemon [_thread_blocked, id=7943, stack(0x00007ffdb34f3000,0x00007ffdb35f4000)]
  0x00007ffdc00ab800 JavaThread "C2 CompilerThread0" daemon [_thread_blocked, id=7942, stack(0x00007ffdb35f4000,0x00007ffdb36f5000)]
  0x00007ffd90001000 JavaThread "JDWP Command Reader" daemon [_thread_in_native, id=7937, stack(0x00007ffdb36f5000,0x00007ffdb37f6000)]
  0x00007ffdc00a9000 JavaThread "JDWP Event Helper Thread" daemon [_thread_blocked, id=7935, stack(0x00007ffdb37f6000,0x00007ffdb38f7000)]
=>0x00007ffdc00a5800 JavaThread "JDWP Transport Listener: dt_socket" daemon [_thread_in_vm, id=7934, stack(0x00007ffdb38f7000,0x00007ffdb39f8000)]
  0x00007ffdc0099000 JavaThread "Signal Dispatcher" daemon [_thread_blocked, id=7932, stack(0x00007ffdb3bfc000,0x00007ffdb3cfd000)]
  0x00007ffdc0072000 JavaThread "Finalizer" daemon [_thread_blocked, id=7931, stack(0x00007ffdb3cfd000,0x00007ffdb3dfe000)]
  0x00007ffdc0070000 JavaThread "Reference Handler" daemon [_thread_blocked, id=7930, stack(0x00007ffdb3dfe000,0x00007ffdb3eff000)]
  0x00007ffdc000c000 JavaThread "main" [_thread_blocked, id=7923, stack(0x00007ffdc65c8000,0x00007ffdc66c9000)]

Other Threads:
  0x00007ffdc006c000 VMThread [stack: 0x00007ffdb3eff000,0x00007ffdb4000000] [id=7929]
  0x00007ffdc00bb800 WatcherThread [stack: 0x00007ffdb32f1000,0x00007ffdb33f2000] [id=7945]

VM state:not at safepoint (normal execution)

VM Mutex/Monitor currently owned by a thread: None

Heap
 PSYoungGen      total 18432K, used 1270K [0x00000000ebe00000, 0x00000000ed280000, 0x0000000100000000)
  eden space 15872K, 8% used [0x00000000ebe00000,0x00000000ebf3d950,0x00000000ecd80000)
  from space 2560K, 0% used [0x00000000ed000000,0x00000000ed000000,0x00000000ed280000)
  to   space 2560K, 0% used [0x00000000ecd80000,0x00000000ecd80000,0x00000000ed000000)
 ParOldGen       total 40960K, used 0K [0x00000000c3a00000, 0x00000000c6200000, 0x00000000ebe00000)
  object space 40960K, 0% used [0x00000000c3a00000,0x00000000c3a00000,0x00000000c6200000)
 PSPermGen       total 21504K, used 2467K [0x00000000be800000, 0x00000000bfd00000, 0x00000000c3a00000)
  object space 21504K, 11% used [0x00000000be800000,0x00000000bea68d18,0x00000000bfd00000)

Card table byte_map: [0x00007ffdbba58000,0x00007ffdbbc65000] byte_map_base: 0x00007ffdbb464000

Polling page: 0x00007ffdc66e9000

Code Cache  [0x00007ffdbbc65000, 0x00007ffdbbed5000, 0x00007ffdbec65000)
 total_blobs=157 nmethods=0 adapters=134 free_code_cache=48777Kb largest_free_block=49947776

Compilation events (0 events):
No events

GC Heap History (0 events):
No events

Deoptimization events (0 events):
No events

Internal exceptions (3 events):
Event: 0.039 Thread 0x00007ffdc000c000 Threw 0x00000000ebe10230 at /HUDSON/workspace/7u-2-build-linux-amd64/jdk7u67/1368/hotspot/src/share/vm/prims/jni.cpp:3991
Event: 0.173 Thread 0x00007ffdc000c000 Threw 0x00000000ebe48420 at /HUDSON/workspace/7u-2-build-linux-amd64/jdk7u67/1368/hotspot/src/share/vm/prims/jvm.cpp:1244
Event: 0.183 Thread 0x00007ffdc000c000 Threw 0x00000000ebe4e648 at /HUDSON/workspace/7u-2-build-linux-amd64/jdk7u67/1368/hotspot/src/share/vm/prims/jvm.cpp:1244

Events (10 events):
Event: 9.703 Executing VM operation: ChangeSingleStep
Event: 9.703 Executing VM operation: ChangeSingleStep done
Event: 9.732 Executing VM operation: GetOrSetLocal
Event: 9.732 Executing VM operation: GetOrSetLocal done
Event: 9.738 Executing VM operation: GetOrSetLocal
Event: 9.738 Executing VM operation: GetOrSetLocal done
Event: 9.858 Executing VM operation: GetOrSetLocal
Event: 9.858 Executing VM operation: GetOrSetLocal done
Event: 9.859 Executing VM operation: GetOrSetLocal
Event: 9.859 Executing VM operation: GetOrSetLocal done


Dynamic libraries:
00400000-00401000 r-xp 00000000 08:07 1974586                            /usr/lib/jvm/java-7-oracle/bin/java
00600000-00601000 rw-p 00000000 08:07 1974586                            /usr/lib/jvm/java-7-oracle/bin/java
0257e000-0259f000 rw-p 00000000 00:00 0                                  [heap]
be800000-bfd00000 rw-p 00000000 00:00 0 
bfd00000-c3a00000 rw-p 00000000 00:00 0 
c3a00000-c6200000 rw-p 00000000 00:00 0 
c6200000-ebe00000 rw-p 00000000 00:00 0 
ebe00000-ed280000 rw-p 00000000 00:00 0 
ed280000-100000000 rw-p 00000000 00:00 0 
7ffd74000000-7ffd74021000 rw-p 00000000 00:00 0 
7ffd74021000-7ffd78000000 ---p 00000000 00:00 0 
7ffd78000000-7ffd78021000 rw-p 00000000 00:00 0 
7ffd78021000-7ffd7c000000 ---p 00000000 00:00 0 
7ffd7c000000-7ffd7c021000 rw-p 00000000 00:00 0 
7ffd7c021000-7ffd80000000 ---p 00000000 00:00 0 
7ffd80000000-7ffd80021000 rw-p 00000000 00:00 0 
7ffd80021000-7ffd84000000 ---p 00000000 00:00 0 
7ffd84000000-7ffd84021000 rw-p 00000000 00:00 0 
7ffd84021000-7ffd88000000 ---p 00000000 00:00 0 
7ffd88000000-7ffd88021000 rw-p 00000000 00:00 0 
7ffd88021000-7ffd8c000000 ---p 00000000 00:00 0 
7ffd8c000000-7ffd8c021000 rw-p 00000000 00:00 0 
7ffd8c021000-7ffd90000000 ---p 00000000 00:00 0 
7ffd90000000-7ffd90021000 rw-p 00000000 00:00 0 
7ffd90021000-7ffd94000000 ---p 00000000 00:00 0 
7ffd94000000-7ffd94021000 rw-p 00000000 00:00 0 
7ffd94021000-7ffd98000000 ---p 00000000 00:00 0 
7ffd98000000-7ffd98021000 rw-p 00000000 00:00 0 
7ffd98021000-7ffd9c000000 ---p 00000000 00:00 0 
7ffd9c000000-7ffd9c021000 rw-p 00000000 00:00 0 
7ffd9c021000-7ffda0000000 ---p 00000000 00:00 0 
7ffda0000000-7ffda0021000 rw-p 00000000 00:00 0 
7ffda0021000-7ffda4000000 ---p 00000000 00:00 0 
7ffda4000000-7ffda4021000 rw-p 00000000 00:00 0 
7ffda4021000-7ffda8000000 ---p 00000000 00:00 0 
7ffdac000000-7ffdac021000 rw-p 00000000 00:00 0 
7ffdac021000-7ffdb0000000 ---p 00000000 00:00 0 
7ffdb30aa000-7ffdb32f1000 rw-p 00000000 00:00 0 
7ffdb32f1000-7ffdb32f2000 ---p 00000000 00:00 0 
7ffdb32f2000-7ffdb33f2000 rw-p 00000000 00:00 0                          [stack:7945]
7ffdb33f2000-7ffdb33f5000 ---p 00000000 00:00 0 
7ffdb33f5000-7ffdb34f3000 rw-p 00000000 00:00 0                          [stack:7944]
7ffdb34f3000-7ffdb34f6000 ---p 00000000 00:00 0 
7ffdb34f6000-7ffdb35f4000 rw-p 00000000 00:00 0                          [stack:7943]
7ffdb35f4000-7ffdb35f7000 ---p 00000000 00:00 0 
7ffdb35f7000-7ffdb36f5000 rw-p 00000000 00:00 0                          [stack:7942]
7ffdb36f5000-7ffdb36f8000 ---p 00000000 00:00 0 
7ffdb36f8000-7ffdb37f6000 rw-p 00000000 00:00 0                          [stack:7937]
7ffdb37f6000-7ffdb37f9000 ---p 00000000 00:00 0 
7ffdb37f9000-7ffdb38f7000 rw-p 00000000 00:00 0                          [stack:7935]
7ffdb38f7000-7ffdb38fa000 ---p 00000000 00:00 0 
7ffdb38fa000-7ffdb39f8000 rw-p 00000000 00:00 0                          [stack:7934]
7ffdb39f8000-7ffdb39fc000 r-xp 00000000 08:07 1976224                    /usr/lib/jvm/java-7-oracle/jre/lib/amd64/libdt_socket.so
7ffdb39fc000-7ffdb3bfb000 ---p 00004000 08:07 1976224                    /usr/lib/jvm/java-7-oracle/jre/lib/amd64/libdt_socket.so
7ffdb3bfb000-7ffdb3bfc000 rw-p 00003000 08:07 1976224                    /usr/lib/jvm/java-7-oracle/jre/lib/amd64/libdt_socket.so
7ffdb3bfc000-7ffdb3bff000 ---p 00000000 00:00 0 
7ffdb3bff000-7ffdb3cfd000 rw-p 00000000 00:00 0                          [stack:7932]
7ffdb3cfd000-7ffdb3d00000 ---p 00000000 00:00 0 
7ffdb3d00000-7ffdb3dfe000 rw-p 00000000 00:00 0                          [stack:7931]
7ffdb3dfe000-7ffdb3e01000 ---p 00000000 00:00 0 
7ffdb3e01000-7ffdb3eff000 rw-p 00000000 00:00 0                          [stack:7930]
7ffdb3eff000-7ffdb3f00000 ---p 00000000 00:00 0 
7ffdb3f00000-7ffdb4000000 rw-p 00000000 00:00 0                          [stack:7929]
7ffdb4000000-7ffdb4021000 rw-p 00000000 00:00 0 
7ffdb4021000-7ffdb8000000 ---p 00000000 00:00 0 
7ffdb8033000-7ffdb9011000 rw-p 00000000 00:00 0 
7ffdb9011000-7ffdb91d0000 r--s 039e5000 08:07 1976291                    /usr/lib/jvm/java-7-oracle/jre/lib/rt.jar
7ffdb91d0000-7ffdbb512000 rw-p 00000000 00:00 0 
7ffdbb512000-7ffdbb513000 ---p 00000000 00:00 0 
7ffdbb513000-7ffdbb613000 rw-p 00000000 00:00 0                          [stack:7928]
7ffdbb613000-7ffdbb614000 ---p 00000000 00:00 0 
7ffdbb614000-7ffdbb714000 rw-p 00000000 00:00 0                          [stack:7926]
7ffdbb714000-7ffdbb715000 ---p 00000000 00:00 0 
7ffdbb715000-7ffdbb815000 rw-p 00000000 00:00 0                          [stack:7925]
7ffdbb815000-7ffdbb816000 ---p 00000000 00:00 0 
7ffdbb816000-7ffdbb92a000 rw-p 00000000 00:00 0                          [stack:7924]
7ffdbb92a000-7ffdbba58000 rw-p 00000000 00:00 0 
7ffdbba58000-7ffdbba63000 rw-p 00000000 00:00 0 
7ffdbba63000-7ffdbba81000 rw-p 00000000 00:00 0 
7ffdbba81000-7ffdbba95000 rw-p 00000000 00:00 0 
7ffdbba95000-7ffdbbbc3000 rw-p 00000000 00:00 0 
7ffdbbbc3000-7ffdbbbce000 rw-p 00000000 00:00 0 
7ffdbbbce000-7ffdbbc64000 rw-p 00000000 00:00 0 
7ffdbbc64000-7ffdbbc65000 rw-p 00000000 00:00 0 
7ffdbbc65000-7ffdbbed5000 rwxp 00000000 00:00 0 
7ffdbbed5000-7ffdbec65000 rw-p 00000000 00:00 0 
7ffdbec65000-7ffdbec7f000 r-xp 00000000 08:07 1976258                    /usr/lib/jvm/java-7-oracle/jre/lib/amd64/libzip.so
7ffdbec7f000-7ffdbee7f000 ---p 0001a000 08:07 1976258                    /usr/lib/jvm/java-7-oracle/jre/lib/amd64/libzip.so
7ffdbee7f000-7ffdbee80000 rw-p 0001a000 08:07 1976258                    /usr/lib/jvm/java-7-oracle/jre/lib/amd64/libzip.so
7ffdbee80000-7ffdbee8b000 r-xp 00000000 08:07 1310941                    /lib/x86_64-linux-gnu/libnss_files-2.19.so
7ffdbee8b000-7ffdbf08a000 ---p 0000b000 08:07 1310941                    /lib/x86_64-linux-gnu/libnss_files-2.19.so
7ffdbf08a000-7ffdbf08b000 r--p 0000a000 08:07 1310941                    /lib/x86_64-linux-gnu/libnss_files-2.19.so
7ffdbf08b000-7ffdbf08c000 rw-p 0000b000 08:07 1310941                    /lib/x86_64-linux-gnu/libnss_files-2.19.so
7ffdbf08c000-7ffdbf097000 r-xp 00000000 08:07 1310943                    /lib/x86_64-linux-gnu/libnss_nis-2.19.so
7ffdbf097000-7ffdbf296000 ---p 0000b000 08:07 1310943                    /lib/x86_64-linux-gnu/libnss_nis-2.19.so
7ffdbf296000-7ffdbf297000 r--p 0000a000 08:07 1310943                    /lib/x86_64-linux-gnu/libnss_nis-2.19.so
7ffdbf297000-7ffdbf298000 rw-p 0000b000 08:07 1310943                    /lib/x86_64-linux-gnu/libnss_nis-2.19.so
7ffdbf298000-7ffdbf2af000 r-xp 00000000 08:07 1310853                    /lib/x86_64-linux-gnu/libnsl-2.19.so
7ffdbf2af000-7ffdbf4ae000 ---p 00017000 08:07 1310853                    /lib/x86_64-linux-gnu/libnsl-2.19.so
7ffdbf4ae000-7ffdbf4af000 r--p 00016000 08:07 1310853                    /lib/x86_64-linux-gnu/libnsl-2.19.so
7ffdbf4af000-7ffdbf4b0000 rw-p 00017000 08:07 1310853                    /lib/x86_64-linux-gnu/libnsl-2.19.so
7ffdbf4b0000-7ffdbf4b2000 rw-p 00000000 00:00 0 
7ffdbf4b2000-7ffdbf4bb000 r-xp 00000000 08:07 1310844                    /lib/x86_64-linux-gnu/libnss_compat-2.19.so
7ffdbf4bb000-7ffdbf6ba000 ---p 00009000 08:07 1310844                    /lib/x86_64-linux-gnu/libnss_compat-2.19.so
7ffdbf6ba000-7ffdbf6bb000 r--p 00008000 08:07 1310844                    /lib/x86_64-linux-gnu/libnss_compat-2.19.so
7ffdbf6bb000-7ffdbf6bc000 rw-p 00009000 08:07 1310844                    /lib/x86_64-linux-gnu/libnss_compat-2.19.so
7ffdbf6bc000-7ffdbfdfd000 r--p 00000000 08:07 1443906                    /usr/lib/locale/locale-archive
7ffdbfdfd000-7ffdbfe00000 r-xp 00000000 08:07 1976273                    /usr/lib/jvm/java-7-oracle/jre/lib/amd64/libnpt.so
7ffdbfe00000-7ffdbffff000 ---p 00003000 08:07 1976273                    /usr/lib/jvm/java-7-oracle/jre/lib/amd64/libnpt.so
7ffdbffff000-7ffdc0000000 rw-p 00002000 08:07 1976273                    /usr/lib/jvm/java-7-oracle/jre/lib/amd64/libnpt.so
7ffdc0000000-7ffdc00da000 rw-p 00000000 00:00 0 
7ffdc00da000-7ffdc4000000 ---p 00000000 00:00 0 
7ffdc4008000-7ffdc40b7000 rw-p 00000000 00:00 0 
7ffdc40b7000-7ffdc40d5000 rw-p 00000000 00:00 0 
7ffdc40d5000-7ffdc410e000 r-xp 00000000 08:07 1976229                    /usr/lib/jvm/java-7-oracle/jre/lib/amd64/libjdwp.so
7ffdc410e000-7ffdc430e000 ---p 00039000 08:07 1976229                    /usr/lib/jvm/java-7-oracle/jre/lib/amd64/libjdwp.so
7ffdc430e000-7ffdc430f000 rw-p 00039000 08:07 1976229                    /usr/lib/jvm/java-7-oracle/jre/lib/amd64/libjdwp.so
7ffdc430f000-7ffdc4310000 rw-p 00000000 00:00 0 
7ffdc4310000-7ffdc4339000 r-xp 00000000 08:07 1976257                    /usr/lib/jvm/java-7-oracle/jre/lib/amd64/libjava.so
7ffdc4339000-7ffdc4539000 ---p 00029000 08:07 1976257                    /usr/lib/jvm/java-7-oracle/jre/lib/amd64/libjava.so
7ffdc4539000-7ffdc453b000 rw-p 00029000 08:07 1976257                    /usr/lib/jvm/java-7-oracle/jre/lib/amd64/libjava.so
7ffdc453b000-7ffdc4548000 r-xp 00000000 08:07 1976230                    /usr/lib/jvm/java-7-oracle/jre/lib/amd64/libverify.so
7ffdc4548000-7ffdc4747000 ---p 0000d000 08:07 1976230                    /usr/lib/jvm/java-7-oracle/jre/lib/amd64/libverify.so
7ffdc4747000-7ffdc4749000 rw-p 0000c000 08:07 1976230                    /usr/lib/jvm/java-7-oracle/jre/lib/amd64/libverify.so
7ffdc4749000-7ffdc4750000 r-xp 00000000 08:07 1310895                    /lib/x86_64-linux-gnu/librt-2.19.so
7ffdc4750000-7ffdc494f000 ---p 00007000 08:07 1310895                    /lib/x86_64-linux-gnu/librt-2.19.so
7ffdc494f000-7ffdc4950000 r--p 00006000 08:07 1310895                    /lib/x86_64-linux-gnu/librt-2.19.so
7ffdc4950000-7ffdc4951000 rw-p 00007000 08:07 1310895                    /lib/x86_64-linux-gnu/librt-2.19.so
7ffdc4951000-7ffdc4a56000 r-xp 00000000 08:07 1310928                    /lib/x86_64-linux-gnu/libm-2.19.so
7ffdc4a56000-7ffdc4c55000 ---p 00105000 08:07 1310928                    /lib/x86_64-linux-gnu/libm-2.19.so
7ffdc4c55000-7ffdc4c56000 r--p 00104000 08:07 1310928                    /lib/x86_64-linux-gnu/libm-2.19.so
7ffdc4c56000-7ffdc4c57000 rw-p 00105000 08:07 1310928                    /lib/x86_64-linux-gnu/libm-2.19.so
7ffdc4c57000-7ffdc57c7000 r-xp 00000000 08:07 1976219                    /usr/lib/jvm/java-7-oracle/jre/lib/amd64/server/libjvm.so
7ffdc57c7000-7ffdc59c6000 ---p 00b70000 08:07 1976219                    /usr/lib/jvm/java-7-oracle/jre/lib/amd64/server/libjvm.so
7ffdc59c6000-7ffdc5a8b000 rw-p 00b6f000 08:07 1976219                    /usr/lib/jvm/java-7-oracle/jre/lib/amd64/server/libjvm.so
7ffdc5a8b000-7ffdc5acb000 rw-p 00000000 00:00 0 
7ffdc5acb000-7ffdc5c86000 r-xp 00000000 08:07 1310922                    /lib/x86_64-linux-gnu/libc-2.19.so
7ffdc5c86000-7ffdc5e86000 ---p 001bb000 08:07 1310922                    /lib/x86_64-linux-gnu/libc-2.19.so
7ffdc5e86000-7ffdc5e8a000 r--p 001bb000 08:07 1310922                    /lib/x86_64-linux-gnu/libc-2.19.so
7ffdc5e8a000-7ffdc5e8c000 rw-p 001bf000 08:07 1310922                    /lib/x86_64-linux-gnu/libc-2.19.so
7ffdc5e8c000-7ffdc5e91000 rw-p 00000000 00:00 0 
7ffdc5e91000-7ffdc5e94000 r-xp 00000000 08:07 1310950                    /lib/x86_64-linux-gnu/libdl-2.19.so
7ffdc5e94000-7ffdc6093000 ---p 00003000 08:07 1310950                    /lib/x86_64-linux-gnu/libdl-2.19.so
7ffdc6093000-7ffdc6094000 r--p 00002000 08:07 1310950                    /lib/x86_64-linux-gnu/libdl-2.19.so
7ffdc6094000-7ffdc6095000 rw-p 00003000 08:07 1310950                    /lib/x86_64-linux-gnu/libdl-2.19.so
7ffdc6095000-7ffdc60ab000 r-xp 00000000 08:07 1975546                    /usr/lib/jvm/java-7-oracle/lib/amd64/jli/libjli.so
7ffdc60ab000-7ffdc62ab000 ---p 00016000 08:07 1975546                    /usr/lib/jvm/java-7-oracle/lib/amd64/jli/libjli.so
7ffdc62ab000-7ffdc62ac000 rw-p 00016000 08:07 1975546                    /usr/lib/jvm/java-7-oracle/lib/amd64/jli/libjli.so
7ffdc62ac000-7ffdc62c5000 r-xp 00000000 08:07 1310951                    /lib/x86_64-linux-gnu/libpthread-2.19.so
7ffdc62c5000-7ffdc64c4000 ---p 00019000 08:07 1310951                    /lib/x86_64-linux-gnu/libpthread-2.19.so
7ffdc64c4000-7ffdc64c5000 r--p 00018000 08:07 1310951                    /lib/x86_64-linux-gnu/libpthread-2.19.so
7ffdc64c5000-7ffdc64c6000 rw-p 00019000 08:07 1310951                    /lib/x86_64-linux-gnu/libpthread-2.19.so
7ffdc64c6000-7ffdc64ca000 rw-p 00000000 00:00 0 
7ffdc64ca000-7ffdc64ed000 r-xp 00000000 08:07 1310924                    /lib/x86_64-linux-gnu/ld-2.19.so
7ffdc64f3000-7ffdc6512000 rw-p 00000000 00:00 0 
7ffdc6512000-7ffdc65c8000 rw-p 00000000 00:00 0 
7ffdc65c8000-7ffdc65cb000 ---p 00000000 00:00 0 
7ffdc65cb000-7ffdc66cd000 rw-p 00000000 00:00 0                          [stack:7923]
7ffdc66de000-7ffdc66e0000 rw-p 00000000 00:00 0 
7ffdc66e0000-7ffdc66e8000 rw-s 00000000 08:07 917526                     /tmp/hsperfdata_jzha139/7918
7ffdc66e8000-7ffdc66e9000 rw-p 00000000 00:00 0 
7ffdc66e9000-7ffdc66ea000 r--p 00000000 00:00 0 
7ffdc66ea000-7ffdc66ec000 rw-p 00000000 00:00 0 
7ffdc66ec000-7ffdc66ed000 r--p 00022000 08:07 1310924                    /lib/x86_64-linux-gnu/ld-2.19.so
7ffdc66ed000-7ffdc66ee000 rw-p 00023000 08:07 1310924                    /lib/x86_64-linux-gnu/ld-2.19.so
7ffdc66ee000-7ffdc66ef000 rw-p 00000000 00:00 0 
7fff149a1000-7fff149c2000 rw-p 00000000 00:00 0                          [stack]
7fff149fe000-7fff14a00000 r-xp 00000000 00:00 0                          [vdso]
ffffffffff600000-ffffffffff601000 r-xp 00000000 00:00 0                  [vsyscall]

VM Arguments:
jvm_args: -agentlib:jdwp=transport=dt_socket,suspend=y,address=localhost:56080 -Dfile.encoding=UTF-8 
java_command: cn.arrow.brainteasing.CareerCupTest
Launcher Type: SUN_STANDARD

Environment Variables:
PATH=/usr/local/sbin:/usr/local/bin:/usr/sbin:/usr/bin:/sbin:/bin:/usr/games:/usr/local/games
SHELL=/bin/bash
DISPLAY=:0.0

Signal Handlers:
SIGSEGV: [libjvm.so+0x99f4a0], sa_mask[0]=0x7ffbfeff, sa_flags=0x10000004
SIGBUS: [libjvm.so+0x99f4a0], sa_mask[0]=0x7ffbfeff, sa_flags=0x10000004
SIGFPE: [libjvm.so+0x81a860], sa_mask[0]=0x7ffbfeff, sa_flags=0x10000004
SIGPIPE: [libjvm.so+0x81a860], sa_mask[0]=0x7ffbfeff, sa_flags=0x10000004
SIGXFSZ: [libjvm.so+0x81a860], sa_mask[0]=0x7ffbfeff, sa_flags=0x10000004
SIGILL: [libjvm.so+0x81a860], sa_mask[0]=0x7ffbfeff, sa_flags=0x10000004
SIGUSR1: SIG_DFL, sa_mask[0]=0x00000000, sa_flags=0x00000000
SIGUSR2: [libjvm.so+0x81c060], sa_mask[0]=0x00000004, sa_flags=0x10000004
SIGHUP: [libjvm.so+0x81d160], sa_mask[0]=0x7ffbfeff, sa_flags=0x10000004
SIGINT: [libjvm.so+0x81d160], sa_mask[0]=0x7ffbfeff, sa_flags=0x10000004
SIGTERM: [libjvm.so+0x81d160], sa_mask[0]=0x7ffbfeff, sa_flags=0x10000004
SIGQUIT: [libjvm.so+0x81d160], sa_mask[0]=0x7ffbfeff, sa_flags=0x10000004


---------------  S Y S T E M  ---------------

OS:jessie/sid

uname:Linux 3.13.0-37-generic #64-Ubuntu SMP Mon Sep 22 21:28:38 UTC 2014 x86_64
libc:glibc 2.19 NPTL 2.19 
rlimit: STACK 8192k, CORE 0k, NPROC 30688, NOFILE 4096, AS infinity
load average:0.41 0.18 0.15

/proc/meminfo:
MemTotal:        3949740 kB
MemFree:         1381324 kB
Buffers:           35816 kB
Cached:           738420 kB
SwapCached:            0 kB
Active:          1391300 kB
Inactive:         873164 kB
Active(anon):    1222808 kB
Inactive(anon):   708976 kB
Active(file):     168492 kB
Inactive(file):   164188 kB
Unevictable:          48 kB
Mlocked:              48 kB
SwapTotal:       4095996 kB
SwapFree:        4095792 kB
Dirty:               148 kB
Writeback:             0 kB
AnonPages:       1490496 kB
Mapped:           378492 kB
Shmem:            441336 kB
Slab:             190716 kB
SReclaimable:     156984 kB
SUnreclaim:        33732 kB
KernelStack:        4984 kB
PageTables:        37436 kB
NFS_Unstable:          0 kB
Bounce:                0 kB
WritebackTmp:          0 kB
CommitLimit:     6070864 kB
Committed_AS:    5828728 kB
VmallocTotal:   34359738367 kB
VmallocUsed:      352828 kB
VmallocChunk:   34359380872 kB
HardwareCorrupted:     0 kB
AnonHugePages:    907264 kB
HugePages_Total:       0
HugePages_Free:        0
HugePages_Rsvd:        0
HugePages_Surp:        0
Hugepagesize:       2048 kB
DirectMap4k:       81800 kB
DirectMap2M:     4016128 kB


CPU:total 4 (2 cores per cpu, 2 threads per core) family 6 model 42 stepping 7, cmov, cx8, fxsr, mmx, sse, sse2, sse3, ssse3, sse4.1, sse4.2, popcnt, avx, aes, ht, tsc, tscinvbit

/proc/cpuinfo:
processor	: 0
vendor_id	: GenuineIntel
cpu family	: 6
model		: 42
model name	: Intel(R) Core(TM) i7-2677M CPU @ 1.80GHz
stepping	: 7
microcode	: 0x1a
cpu MHz		: 1000.000
cache size	: 4096 KB
physical id	: 0
siblings	: 4
core id		: 0
cpu cores	: 2
apicid		: 0
initial apicid	: 0
fpu		: yes
fpu_exception	: yes
cpuid level	: 13
wp		: yes
flags		: fpu vme de pse tsc msr pae mce cx8 apic sep mtrr pge mca cmov pat pse36 clflush dts acpi mmx fxsr sse sse2 ss ht tm pbe syscall nx rdtscp lm constant_tsc arch_perfmon pebs bts rep_good nopl xtopology nonstop_tsc aperfmperf eagerfpu pni pclmulqdq dtes64 monitor ds_cpl vmx smx est tm2 ssse3 cx16 xtpr pdcm pcid sse4_1 sse4_2 x2apic popcnt tsc_deadline_timer aes xsave avx lahf_lm ida arat epb xsaveopt pln pts dtherm tpr_shadow vnmi flexpriority ept vpid
bogomips	: 3591.64
clflush size	: 64
cache_alignment	: 64
address sizes	: 36 bits physical, 48 bits virtual
power management:

processor	: 1
vendor_id	: GenuineIntel
cpu family	: 6
model		: 42
model name	: Intel(R) Core(TM) i7-2677M CPU @ 1.80GHz
stepping	: 7
microcode	: 0x1a
cpu MHz		: 1700.000
cache size	: 4096 KB
physical id	: 0
siblings	: 4
core id		: 1
cpu cores	: 2
apicid		: 2
initial apicid	: 2
fpu		: yes
fpu_exception	: yes
cpuid level	: 13
wp		: yes
flags		: fpu vme de pse tsc msr pae mce cx8 apic sep mtrr pge mca cmov pat pse36 clflush dts acpi mmx fxsr sse sse2 ss ht tm pbe syscall nx rdtscp lm constant_tsc arch_perfmon pebs bts rep_good nopl xtopology nonstop_tsc aperfmperf eagerfpu pni pclmulqdq dtes64 monitor ds_cpl vmx smx est tm2 ssse3 cx16 xtpr pdcm pcid sse4_1 sse4_2 x2apic popcnt tsc_deadline_timer aes xsave avx lahf_lm ida arat epb xsaveopt pln pts dtherm tpr_shadow vnmi flexpriority ept vpid
bogomips	: 3591.64
clflush size	: 64
cache_alignment	: 64
address sizes	: 36 bits physical, 48 bits virtual
power management:

processor	: 2
vendor_id	: GenuineIntel
cpu family	: 6
model		: 42
model name	: Intel(R) Core(TM) i7-2677M CPU @ 1.80GHz
stepping	: 7
microcode	: 0x1a
cpu MHz		: 1100.000
cache size	: 4096 KB
physical id	: 0
siblings	: 4
core id		: 0
cpu cores	: 2
apicid		: 1
initial apicid	: 1
fpu		: yes
fpu_exception	: yes
cpuid level	: 13
wp		: yes
flags		: fpu vme de pse tsc msr pae mce cx8 apic sep mtrr pge mca cmov pat pse36 clflush dts acpi mmx fxsr sse sse2 ss ht tm pbe syscall nx rdtscp lm constant_tsc arch_perfmon pebs bts rep_good nopl xtopology nonstop_tsc aperfmperf eagerfpu pni pclmulqdq dtes64 monitor ds_cpl vmx smx est tm2 ssse3 cx16 xtpr pdcm pcid sse4_1 sse4_2 x2apic popcnt tsc_deadline_timer aes xsave avx lahf_lm ida arat epb xsaveopt pln pts dtherm tpr_shadow vnmi flexpriority ept vpid
bogomips	: 3591.64
clflush size	: 64
cache_alignment	: 64
address sizes	: 36 bits physical, 48 bits virtual
power management:

processor	: 3
vendor_id	: GenuineIntel
cpu family	: 6
model		: 42
model name	: Intel(R) Core(TM) i7-2677M CPU @ 1.80GHz
stepping	: 7
microcode	: 0x1a
cpu MHz		: 1700.000
cache size	: 4096 KB
physical id	: 0
siblings	: 4
core id		: 1
cpu cores	: 2
apicid		: 3
initial apicid	: 3
fpu		: yes
fpu_exception	: yes
cpuid level	: 13
wp		: yes
flags		: fpu vme de pse tsc msr pae mce cx8 apic sep mtrr pge mca cmov pat pse36 clflush dts acpi mmx fxsr sse sse2 ss ht tm pbe syscall nx rdtscp lm constant_tsc arch_perfmon pebs bts rep_good nopl xtopology nonstop_tsc aperfmperf eagerfpu pni pclmulqdq dtes64 monitor ds_cpl vmx smx est tm2 ssse3 cx16 xtpr pdcm pcid sse4_1 sse4_2 x2apic popcnt tsc_deadline_timer aes xsave avx lahf_lm ida arat epb xsaveopt pln pts dtherm tpr_shadow vnmi flexpriority ept vpid
bogomips	: 3591.64
clflush size	: 64
cache_alignment	: 64
address sizes	: 36 bits physical, 48 bits virtual
power management:



Memory: 4k page, physical 3949740k(1381324k free), swap 4095996k(4095792k free)

vm_info: Java HotSpot(TM) 64-Bit Server VM (24.65-b04) for linux-amd64 JRE (1.7.0_67-b01), built on Jul 25 2014 09:20:21 by "java_re" with gcc 4.3.0 20080428 (Red Hat 4.3.0-8)

time: Mon Sep 29 17:55:29 2014
elapsed time: 9 seconds

